<?xml version="1.0" encoding="utf-8"?><testsuites name="pytest tests"><testsuite name="pytest" errors="0" failures="0" skipped="0" tests="11" time="1.170" timestamp="2026-07-20T02:20:13.484339+00:00" hostname="agent-env-1e1b5217-e3a1-4f87-8c2b-f6f6ef0fb183"><testcase classname="backend.tests.test_opinioes_public.TestOpiniaoPublic" name="test_post_opiniao_no_token_ok" time="0.355" /><testcase classname="backend.tests.test_opinioes_public.TestOpiniaoPublic" name="test_post_opiniao_persisted" time="0.045" /><testcase classname="backend.tests.test_opinioes_public.TestOpiniaoPublic" name="test_post_opiniao_empty_cliente_allowed" time="0.045" /><testcase classname="backend.tests.test_opinioes_public.TestOpiniaoPublic" name="test_delete_opiniao_no_token_forbidden" time="0.064" /><testcase classname="backend.tests.test_opinioes_public.TestOpiniaoPublic" name="test_delete_opiniao_with_token_ok" time="0.138" /><testcase classname="backend.tests.test_opinioes_public.TestRegression" name="test_auth_login_ok" time="0.044" /><testcase classname="backend.tests.test_opinioes_public.TestRegression" name="test_vitrine_public" time="0.063" /><testcase classname="backend.tests.test_opinioes_public.TestRegression" name="test_perfumes_public" time="0.056" /><testcase classname="backend.tests.test_opinioes_public.TestRegression" name="test_pedidos_requires_token" time="0.050" /><testcase classname="backend.tests.test_opinioes_public.TestRegression" name="test_sugestoes_public_post" time="0.092" /><testcase classname="backend.tests.test_opinioes_public.TestRegression" name="test_compras_public_post" time="0.158" /></testsuite></testsuites>