<?xml version="1.0" encoding="utf-8"?><testsuites name="pytest tests"><testsuite name="pytest" errors="0" failures="0" skipped="0" tests="17" time="1.778" timestamp="2026-07-20T01:46:16.424028+00:00" hostname="agent-env-1e1b5217-e3a1-4f87-8c2b-f6f6ef0fb183"><testcase classname="backend.tests.backend_test.TestAuth" name="test_login_ok" time="0.215" /><testcase classname="backend.tests.backend_test.TestAuth" name="test_login_bad" time="0.058" /><testcase classname="backend.tests.backend_test.TestPublic" name="test_vitrine_initial" time="0.047" /><testcase classname="backend.tests.backend_test.TestPublic" name="test_perfumes_list_public" time="0.045" /><testcase classname="backend.tests.backend_test.TestPublic" name="test_estoque_public" time="0.043" /><testcase classname="backend.tests.backend_test.TestAuthGuard" name="test_create_perfume_no_token" time="0.044" /><testcase classname="backend.tests.backend_test.TestAuthGuard" name="test_bulk_import_no_token" time="0.054" /><testcase classname="backend.tests.backend_test.TestAuthGuard" name="test_publish_no_token" time="0.050" /><testcase classname="backend.tests.backend_test.TestFullFlow" name="test_create_perfume" time="0.101" /><testcase classname="backend.tests.backend_test.TestFullFlow" name="test_bulk_import" time="0.042" /><testcase classname="backend.tests.backend_test.TestFullFlow" name="test_movimento_entrada" time="0.103" /><testcase classname="backend.tests.backend_test.TestFullFlow" name="test_pedido_gera_saida" time="0.142" /><testcase classname="backend.tests.backend_test.TestFullFlow" name="test_opiniao" time="0.067" /><testcase classname="backend.tests.backend_test.TestFullFlow" name="test_sugestao_publica" time="0.062" /><testcase classname="backend.tests.backend_test.TestFullFlow" name="test_compra_publica" time="0.052" /><testcase classname="backend.tests.backend_test.TestFullFlow" name="test_publish_vitrine" time="0.100" /><testcase classname="backend.tests.backend_test.TestFullFlow" name="test_zzz_cleanup" time="0.487" /></testsuite></testsuites>