<?xml version="1.0" encoding="utf-8"?><testsuites name="pytest tests"><testsuite name="pytest" errors="0" failures="0" skipped="0" tests="7" time="1.065" timestamp="2026-07-20T02:06:25.060689+00:00" hostname="agent-env-1e1b5217-e3a1-4f87-8c2b-f6f6ef0fb183"><testcase classname="backend.tests.test_vitrine_disponivel_dynamic.TestVitrineShape" name="test_has_atualizadoEm_and_itens" time="0.365" /><testcase classname="backend.tests.test_vitrine_disponivel_dynamic.TestVitrineShape" name="test_itens_count_is_418" time="0.000" /><testcase classname="backend.tests.test_vitrine_disponivel_dynamic.TestVitrineShape" name="test_itens_have_all_fields" time="0.000" /><testcase classname="backend.tests.test_vitrine_disponivel_dynamic.TestVitrineDinamica" name="test_ab_autentica_disponivel_true_with_stock" time="0.047" /><testcase classname="backend.tests.test_vitrine_disponivel_dynamic.TestVitrineDinamica" name="test_other_perfumes_without_stock_are_unavailable" time="0.047" /><testcase classname="backend.tests.test_vitrine_disponivel_dynamic.TestVitrineDinamica" name="test_dynamic_add_stock_flips_disponivel_to_true" time="0.417" /><testcase classname="backend.tests.test_vitrine_disponivel_dynamic.TestPublishStillWorks" name="test_publish_regenerates_snapshot" time="0.130" /></testsuite></testsuites>